0 info it worked if it ends with ok
1 verbose cli [ 'C:\\Program Files\\nodejs\\\\node.exe',
1 verbose cli   'C:\\Program Files\\nodejs\\node_modules\\npm\\bin\\npm-cli.js',
1 verbose cli   'install',
1 verbose cli   '--save-dev',
1 verbose cli   'gulp-filter',
1 verbose cli   'fulp-csso',
1 verbose cli   'gulp-uglify' ]
2 info using npm@1.4.28
3 info using node@v0.10.33
4 verbose node symlink C:\Program Files\nodejs\\node.exe
5 warn package.json taptap@ No repository field.
6 warn package.json taptap@ No README data
7 verbose readDependencies using package.json deps
8 verbose cache add [ 'gulp-filter', null ]
9 verbose cache add name=undefined spec="gulp-filter" args=["gulp-filter",null]
10 verbose parsed url { protocol: null,
10 verbose parsed url   slashes: null,
10 verbose parsed url   auth: null,
10 verbose parsed url   host: null,
10 verbose parsed url   port: null,
10 verbose parsed url   hostname: null,
10 verbose parsed url   hash: null,
10 verbose parsed url   search: null,
10 verbose parsed url   query: null,
10 verbose parsed url   pathname: 'gulp-filter',
10 verbose parsed url   path: 'gulp-filter',
10 verbose parsed url   href: 'gulp-filter' }
11 verbose cache add [ 'fulp-csso', null ]
12 verbose cache add name=undefined spec="fulp-csso" args=["fulp-csso",null]
13 verbose parsed url { protocol: null,
13 verbose parsed url   slashes: null,
13 verbose parsed url   auth: null,
13 verbose parsed url   host: null,
13 verbose parsed url   port: null,
13 verbose parsed url   hostname: null,
13 verbose parsed url   hash: null,
13 verbose parsed url   search: null,
13 verbose parsed url   query: null,
13 verbose parsed url   pathname: 'fulp-csso',
13 verbose parsed url   path: 'fulp-csso',
13 verbose parsed url   href: 'fulp-csso' }
14 verbose cache add [ 'gulp-uglify', null ]
15 verbose cache add name=undefined spec="gulp-uglify" args=["gulp-uglify",null]
16 verbose parsed url { protocol: null,
16 verbose parsed url   slashes: null,
16 verbose parsed url   auth: null,
16 verbose parsed url   host: null,
16 verbose parsed url   port: null,
16 verbose parsed url   hostname: null,
16 verbose parsed url   hash: null,
16 verbose parsed url   search: null,
16 verbose parsed url   query: null,
16 verbose parsed url   pathname: 'gulp-uglify',
16 verbose parsed url   path: 'gulp-uglify',
16 verbose parsed url   href: 'gulp-uglify' }
17 silly lockFile b666384f-gulp-filter gulp-filter
18 verbose lock gulp-filter C:\Users\JBurchard\AppData\Roaming\npm-cache\b666384f-gulp-filter.lock
19 silly lockFile 5d6e4ec3-fulp-csso fulp-csso
20 verbose lock fulp-csso C:\Users\JBurchard\AppData\Roaming\npm-cache\5d6e4ec3-fulp-csso.lock
21 silly lockFile 15fab96b-gulp-uglify gulp-uglify
22 verbose lock gulp-uglify C:\Users\JBurchard\AppData\Roaming\npm-cache\15fab96b-gulp-uglify.lock
23 silly lockFile 15fab96b-gulp-uglify gulp-uglify
24 silly lockFile 15fab96b-gulp-uglify gulp-uglify
25 silly lockFile b666384f-gulp-filter gulp-filter
26 silly lockFile b666384f-gulp-filter gulp-filter
27 verbose addNamed [ 'gulp-filter', '' ]
28 verbose addNamed [ null, '*' ]
29 silly lockFile b58afe29-gulp-filter gulp-filter@
30 verbose lock gulp-filter@ C:\Users\JBurchard\AppData\Roaming\npm-cache\b58afe29-gulp-filter.lock
31 verbose addNamed [ 'gulp-uglify', '' ]
32 verbose addNamed [ null, '*' ]
33 silly lockFile 044a9113-gulp-uglify gulp-uglify@
34 verbose lock gulp-uglify@ C:\Users\JBurchard\AppData\Roaming\npm-cache\044a9113-gulp-uglify.lock
35 silly lockFile 5d6e4ec3-fulp-csso fulp-csso
36 silly lockFile 5d6e4ec3-fulp-csso fulp-csso
37 verbose addNamed [ 'fulp-csso', '' ]
38 verbose addNamed [ null, '*' ]
39 silly lockFile e356d35a-fulp-csso fulp-csso@
40 verbose lock fulp-csso@ C:\Users\JBurchard\AppData\Roaming\npm-cache\e356d35a-fulp-csso.lock
41 silly addNameRange { name: 'gulp-uglify', range: '*', hasData: false }
42 silly addNameRange { name: 'gulp-filter', range: '*', hasData: false }
43 silly addNameRange { name: 'fulp-csso', range: '*', hasData: false }
44 verbose request where is /fulp-csso
45 verbose request registry https://registry.npmjs.org/
46 verbose request id 86fc16b2a700661a
47 verbose url raw /fulp-csso
48 verbose url resolving [ 'https://registry.npmjs.org/', './fulp-csso' ]
49 verbose url resolved https://registry.npmjs.org/fulp-csso
50 verbose request where is https://registry.npmjs.org/fulp-csso
51 info trying registry request attempt 1 at 11:14:59
52 http GET https://registry.npmjs.org/fulp-csso
53 verbose request where is /gulp-uglify
54 verbose request registry https://registry.npmjs.org/
55 verbose url raw /gulp-uglify
56 verbose url resolving [ 'https://registry.npmjs.org/', './gulp-uglify' ]
57 verbose url resolved https://registry.npmjs.org/gulp-uglify
58 verbose request where is https://registry.npmjs.org/gulp-uglify
59 info trying registry request attempt 1 at 11:15:00
60 verbose etag "4HAF7MMVLGMRGIAD23VDENDWL"
61 http GET https://registry.npmjs.org/gulp-uglify
62 verbose request where is /gulp-filter
63 verbose request registry https://registry.npmjs.org/
64 verbose url raw /gulp-filter
65 verbose url resolving [ 'https://registry.npmjs.org/', './gulp-filter' ]
66 verbose url resolved https://registry.npmjs.org/gulp-filter
67 verbose request where is https://registry.npmjs.org/gulp-filter
68 info trying registry request attempt 1 at 11:15:00
69 verbose etag "6IV8KIQXETT2FPV8PPRJUF7ZW"
70 http GET https://registry.npmjs.org/gulp-filter
71 http 404 https://registry.npmjs.org/fulp-csso
72 verbose headers { server: 'CouchDB/1.5.0 (Erlang OTP/R16B03)',
72 verbose headers   'content-type': 'application/json',
72 verbose headers   'cache-control': 'max-age=0',
72 verbose headers   'content-length': '51',
72 verbose headers   'accept-ranges': 'bytes',
72 verbose headers   date: 'Fri, 17 Jul 2015 16:15:00 GMT',
72 verbose headers   via: '1.1 varnish',
72 verbose headers   age: '0',
72 verbose headers   connection: 'keep-alive',
72 verbose headers   'x-served-by': 'cache-dfw1823-DFW',
72 verbose headers   'x-cache': 'MISS',
72 verbose headers   'x-cache-hits': '0',
72 verbose headers   'x-timer': 'S1437149700.664656,VS0,VE70' }
73 silly registry.get cb [ 404,
73 silly registry.get   { server: 'CouchDB/1.5.0 (Erlang OTP/R16B03)',
73 silly registry.get     'content-type': 'application/json',
73 silly registry.get     'cache-control': 'max-age=0',
73 silly registry.get     'content-length': '51',
73 silly registry.get     'accept-ranges': 'bytes',
73 silly registry.get     date: 'Fri, 17 Jul 2015 16:15:00 GMT',
73 silly registry.get     via: '1.1 varnish',
73 silly registry.get     age: '0',
73 silly registry.get     connection: 'keep-alive',
73 silly registry.get     'x-served-by': 'cache-dfw1823-DFW',
73 silly registry.get     'x-cache': 'MISS',
73 silly registry.get     'x-cache-hits': '0',
73 silly registry.get     'x-timer': 'S1437149700.664656,VS0,VE70' } ]
74 silly lockFile e356d35a-fulp-csso fulp-csso@
75 silly lockFile e356d35a-fulp-csso fulp-csso@
76 http 200 https://registry.npmjs.org/gulp-uglify
77 silly registry.get cb [ 200,
77 silly registry.get   { server: 'CouchDB/1.5.0 (Erlang OTP/R16B03)',
77 silly registry.get     etag: '"7MR84P1QXCDXED4511N44774"',
77 silly registry.get     'content-type': 'application/json',
77 silly registry.get     'cache-control': 'max-age=60',
77 silly registry.get     'content-length': '26283',
77 silly registry.get     'accept-ranges': 'bytes',
77 silly registry.get     date: 'Fri, 17 Jul 2015 16:15:00 GMT',
77 silly registry.get     via: '1.1 varnish',
77 silly registry.get     age: '13',
77 silly registry.get     connection: 'keep-alive',
77 silly registry.get     'x-served-by': 'cache-dfw1822-DFW',
77 silly registry.get     'x-cache': 'HIT',
77 silly registry.get     'x-cache-hits': '1',
77 silly registry.get     'x-timer': 'S1437149700.682760,VS0,VE0',
77 silly registry.get     vary: 'Accept' } ]
78 silly addNameRange number 2 { name: 'gulp-uglify', range: '*', hasData: true }
79 silly addNameRange versions [ 'gulp-uglify',
79 silly addNameRange   [ '0.0.1',
79 silly addNameRange     '0.0.3',
79 silly addNameRange     '0.0.4',
79 silly addNameRange     '0.1.0',
79 silly addNameRange     '0.2.0',
79 silly addNameRange     '0.2.1',
79 silly addNameRange     '0.3.0',
79 silly addNameRange     '0.3.1',
79 silly addNameRange     '0.3.2',
79 silly addNameRange     '1.0.0-0',
79 silly addNameRange     '1.0.0',
79 silly addNameRange     '1.0.1',
79 silly addNameRange     '1.0.2',
79 silly addNameRange     '1.1.0',
79 silly addNameRange     '1.2.0' ] ]
80 verbose addNamed [ 'gulp-uglify', '1.2.0' ]
81 verbose addNamed [ '1.2.0', '1.2.0' ]
82 silly lockFile 9d272576-gulp-uglify-1-2-0 gulp-uglify@1.2.0
83 verbose lock gulp-uglify@1.2.0 C:\Users\JBurchard\AppData\Roaming\npm-cache\9d272576-gulp-uglify-1-2-0.lock
84 silly lockFile a22faf16-ulp-uglify-gulp-uglify-1-2-0-tgz https://registry.npmjs.org/gulp-uglify/-/gulp-uglify-1.2.0.tgz
85 verbose lock https://registry.npmjs.org/gulp-uglify/-/gulp-uglify-1.2.0.tgz C:\Users\JBurchard\AppData\Roaming\npm-cache\a22faf16-ulp-uglify-gulp-uglify-1-2-0-tgz.lock
86 verbose addRemoteTarball [ 'https://registry.npmjs.org/gulp-uglify/-/gulp-uglify-1.2.0.tgz',
86 verbose addRemoteTarball   '760a86a5cf68453e0036130763dde2952093e38b' ]
87 info retry fetch attempt 1 at 11:15:00
88 verbose fetch to= C:\Users\JBURCH~1\AppData\Local\Temp\npm-6404-wdonT4Nl\registry.npmjs.org\gulp-uglify\-\gulp-uglify-1.2.0.tgz
89 http GET https://registry.npmjs.org/gulp-uglify/-/gulp-uglify-1.2.0.tgz
90 http 304 https://registry.npmjs.org/gulp-filter
91 silly registry.get cb [ 304,
91 silly registry.get   { date: 'Fri, 17 Jul 2015 16:15:00 GMT',
91 silly registry.get     via: '1.1 varnish',
91 silly registry.get     'cache-control': 'max-age=60',
91 silly registry.get     etag: '"6IV8KIQXETT2FPV8PPRJUF7ZW"',
91 silly registry.get     age: '0',
91 silly registry.get     connection: 'keep-alive',
91 silly registry.get     'x-served-by': 'cache-dfw1824-DFW',
91 silly registry.get     'x-cache': 'HIT',
91 silly registry.get     'x-cache-hits': '1',
91 silly registry.get     'x-timer': 'S1437149700.683119,VS0,VE274',
91 silly registry.get     vary: 'Accept' } ]
92 verbose etag https://registry.npmjs.org/gulp-filter from cache
93 silly addNameRange number 2 { name: 'gulp-filter', range: '*', hasData: true }
94 silly addNameRange versions [ 'gulp-filter',
94 silly addNameRange   [ '0.1.0',
94 silly addNameRange     '0.1.1',
94 silly addNameRange     '0.2.0',
94 silly addNameRange     '0.2.1',
94 silly addNameRange     '0.3.0',
94 silly addNameRange     '0.3.1',
94 silly addNameRange     '0.4.0',
94 silly addNameRange     '0.4.1',
94 silly addNameRange     '0.5.0',
94 silly addNameRange     '0.5.1',
94 silly addNameRange     '1.0.0',
94 silly addNameRange     '1.0.1',
94 silly addNameRange     '1.0.2',
94 silly addNameRange     '2.0.0',
94 silly addNameRange     '2.0.1',
94 silly addNameRange     '2.0.2' ] ]
95 verbose addNamed [ 'gulp-filter', '2.0.2' ]
96 verbose addNamed [ '2.0.2', '2.0.2' ]
97 silly lockFile d99953db-gulp-filter-2-0-2 gulp-filter@2.0.2
98 verbose lock gulp-filter@2.0.2 C:\Users\JBurchard\AppData\Roaming\npm-cache\d99953db-gulp-filter-2-0-2.lock
99 silly lockFile d99953db-gulp-filter-2-0-2 gulp-filter@2.0.2
100 silly lockFile d99953db-gulp-filter-2-0-2 gulp-filter@2.0.2
101 silly lockFile b58afe29-gulp-filter gulp-filter@
102 silly lockFile b58afe29-gulp-filter gulp-filter@
103 http 200 https://registry.npmjs.org/gulp-uglify/-/gulp-uglify-1.2.0.tgz
104 silly lockFile a22faf16-ulp-uglify-gulp-uglify-1-2-0-tgz https://registry.npmjs.org/gulp-uglify/-/gulp-uglify-1.2.0.tgz
105 silly lockFile a22faf16-ulp-uglify-gulp-uglify-1-2-0-tgz https://registry.npmjs.org/gulp-uglify/-/gulp-uglify-1.2.0.tgz
106 silly lockFile 9d272576-gulp-uglify-1-2-0 gulp-uglify@1.2.0
107 silly lockFile 9d272576-gulp-uglify-1-2-0 gulp-uglify@1.2.0
108 silly lockFile 044a9113-gulp-uglify gulp-uglify@
109 silly lockFile 044a9113-gulp-uglify gulp-uglify@
110 error 404 404 Not Found: fulp-csso
110 error 404
110 error 404 'fulp-csso' is not in the npm registry.
110 error 404 You should bug the author to publish it
110 error 404 It was specified as a dependency of 'taptap'
110 error 404
110 error 404 Note that you can also install from a
110 error 404 tarball, folder, or http url, or git url.
111 error System Windows_NT 6.1.7601
112 error command "C:\\Program Files\\nodejs\\\\node.exe" "C:\\Program Files\\nodejs\\node_modules\\npm\\bin\\npm-cli.js" "install" "--save-dev" "gulp-filter" "fulp-csso" "gulp-uglify"
113 error cwd C:\Builds\PLAY_THINGS\TapTap\taptap
114 error node -v v0.10.33
115 error npm -v 1.4.28
116 error code E404
117 verbose exit [ 1, true ]
